<?xml version="1.0" encoding="UTF-8"?>
<!-- Generated by org.testng.reporters.JUnitXMLReporter -->
<testsuite hostname="Kiran" name="Default test" tests="7" failures="0" timestamp="17 Dec 2015 18:22:22 GMT" time="44.77" errors="0">
  <testcase name="login" time="11.048" classname="com.walmart.test.TestWalmart"/>
  <testcase name="testSearch" time="11.547" classname="com.walmart.test.TestWalmart"/>
  <testcase name="testSearch" time="5.077" classname="com.walmart.test.TestWalmart"/>
  <testcase name="testIdentifyAnAddableItemToCart" time="0.0" classname="com.walmart.test.TestWalmart">
    <skipped/>
  </testcase> <!-- testIdentifyAnAddableItemToCart -->
  <testcase name="testAddItemToCart" time="0.0" classname="com.walmart.test.TestWalmart">
    <skipped/>
  </testcase> <!-- testAddItemToCart -->
  <testcase name="testViewCartAddedItem" time="0.0" classname="com.walmart.test.TestWalmart">
    <skipped/>
  </testcase> <!-- testViewCartAddedItem -->
  <testcase name="testNumberOfItemsInCart" time="0.0" classname="com.walmart.test.TestWalmart">
    <skipped/>
  </testcase> <!-- testNumberOfItemsInCart -->
</testsuite> <!-- Default test -->
