<?xml version="1.0" encoding="UTF-8"?>
<!-- Generated by org.testng.reporters.JUnitXMLReporter -->
<testsuite hostname="Kiran" name="testIdentifyAnAddableItemToCart" tests="7" failures="0" timestamp="17 Dec 2015 18:50:33 GMT" time="95.03" errors="0">
  <testcase name="login" time="23.372" classname="com.walmart.test.TestWalmart"/>
  <testcase name="testSearch" time="15.143" classname="com.walmart.test.TestWalmart"/>
  <testcase name="testSearch" time="8.139" classname="com.walmart.test.TestWalmart"/>
  <testcase name="testIdentifyAnAddableItemToCart" time="0.537" classname="com.walmart.test.TestWalmart"/>
  <testcase name="testAddItemToCart" time="15.811" classname="com.walmart.test.TestWalmart"/>
  <testcase name="testViewCartAddedItem" time="6.005" classname="com.walmart.test.TestWalmart"/>
  <testcase name="testNumberOfItemsInCart" time="0.443" classname="com.walmart.test.TestWalmart"/>
</testsuite> <!-- testIdentifyAnAddableItemToCart -->
